Replace Part C? C2012X7R1H104K085AA in E:\Altium\BasicSAMD21\BasicSAMD21\BasicSAMD21.SchDoc with C2012X7R1H104K085AA from Schlib1.SchLib
Replace Part C? C2012X5R1E105K125AA in E:\Altium\BasicSAMD21\BasicSAMD21\BasicSAMD21.SchDoc with C2012X5R1E105K125AA from Schlib1.SchLib
Replace Part C? C2012X5R1C106M125AC in E:\Altium\BasicSAMD21\BasicSAMD21\BasicSAMD21.SchDoc with C2012X5R1C106M125AC from Schlib1.SchLib
Replace Part C? C2012X7R1H104K085AA in E:\Altium\BasicSAMD21\BasicSAMD21\BasicSAMD21.SchDoc with C2012X7R1H104K085AA from Schlib1.SchLib
Replace Part C? C2012X5R1C106M125AC in E:\Altium\BasicSAMD21\BasicSAMD21\BasicSAMD21.SchDoc with C2012X5R1C106M125AC from Schlib1.SchLib
Replace Part C? C2012X7R1H104K085AA in E:\Altium\BasicSAMD21\BasicSAMD21\BasicSAMD21.SchDoc with C2012X7R1H104K085AA from Schlib1.SchLib
Replace Part C? C2012X5R1E105K125AA in E:\Altium\BasicSAMD21\BasicSAMD21\BasicSAMD21.SchDoc with C2012X5R1E105K125AA from Schlib1.SchLib
Replace Part C? C2012X7R1H104K085AA in E:\Altium\BasicSAMD21\BasicSAMD21\BasicSAMD21.SchDoc with C2012X7R1H104K085AA from Schlib1.SchLib
Replace Part C? C2012X5R1C106M125AC in E:\Altium\BasicSAMD21\BasicSAMD21\BasicSAMD21.SchDoc with C2012X5R1C106M125AC from Schlib1.SchLib
Replace Part C? C2012X5R1C106M125AC in E:\Altium\BasicSAMD21\BasicSAMD21\BasicSAMD21.SchDoc with C2012X5R1C106M125AC from Schlib1.SchLib
Replace Part C? 15pF_0603 in E:\Altium\BasicSAMD21\BasicSAMD21\BasicSAMD21.SchDoc with 15pF_0603 from BasicSAMD21.SchLib
Replace Part C? 15pF_0603 in E:\Altium\BasicSAMD21\BasicSAMD21\BasicSAMD21.SchDoc with 15pF_0603 from BasicSAMD21.SchLib
Replace Part FB? FerriteBead0R800mA_0603 in E:\Altium\BasicSAMD21\BasicSAMD21\BasicSAMD21.SchDoc with FerriteBead0R800mA_0603 from BasicSAMD21.SchLib
Replace Part FB? FerriteBead0R800mA_0603 in E:\Altium\BasicSAMD21\BasicSAMD21\BasicSAMD21.SchDoc with FerriteBead0R800mA_0603 from BasicSAMD21.SchLib
Replace Part FB? FerriteBead0R800mA_0603 in E:\Altium\BasicSAMD21\BasicSAMD21\BasicSAMD21.SchDoc with FerriteBead0R800mA_0603 from BasicSAMD21.SchLib
Replace Part HDR? 2.54HDR_12POS in E:\Altium\BasicSAMD21\BasicSAMD21\BasicSAMD21.SchDoc with 2.54HDR_12POS from BasicSAMD21.SchLib
Replace Part HDR? 2.54HDR_12POS in E:\Altium\BasicSAMD21\BasicSAMD21\BasicSAMD21.SchDoc with 2.54HDR_12POS from BasicSAMD21.SchLib
Replace Part HDR? 2.54HDR_12POS in E:\Altium\BasicSAMD21\BasicSAMD21\BasicSAMD21.SchDoc with 2.54HDR_12POS from BasicSAMD21.SchLib
Replace Part HDR? JTAG_10Pin in E:\Altium\BasicSAMD21\BasicSAMD21\BasicSAMD21.SchDoc with JTAG_10Pin from BasicSAMD21.SchLib
Replace Part J? 10118193-0001LF in E:\Altium\BasicSAMD21\BasicSAMD21\BasicSAMD21.SchDoc with 10118193-0001LF from Schlib1.SchLib
Replace Part LDO? LDO_AMS11173.3_SOT-223 in E:\Altium\BasicSAMD21\BasicSAMD21\BasicSAMD21.SchDoc with LDO_AMS11173.3_SOT-223 from BasicSAMD21.SchLib
Replace Part OSC? FC-135R32.7680KA-A3 in E:\Altium\BasicSAMD21\BasicSAMD21\BasicSAMD21.SchDoc with FC-135R32.7680KA-A3 from BasicSAMD21.SchLib
Replace Part U? ATSAMD21G18A-AUT in E:\Altium\BasicSAMD21\BasicSAMD21\BasicSAMD21.SchDoc with ATSAMD21G18A-AUT from BasicSAMD21.SchLib
